platforms/android/app/build/intermediates/manifest_merge_blame_file/debug/manifest-merger-blame-debug-report.txt
1<?xml version="1.0" encoding="utf-8"?>
2<manifest xmlns:android="http://schemas.android.com/apk/res/android"
3    package="org.nativescript.printer"
4    android:versionCode="1"
5    android:versionName="1.0" >
6
7    <uses-sdk
8        android:minSdkVersion="17"
8-->src/main/AndroidManifest.xml
9        android:targetSdkVersion="30" />
9-->src/main/AndroidManifest.xml
10
11    <supports-screens
11-->src/main/AndroidManifest.xml:7:2-11:33
12        android:largeScreens="true"
12-->src/main/AndroidManifest.xml:10:3-30
13        android:normalScreens="true"
13-->src/main/AndroidManifest.xml:9:3-31
14        android:smallScreens="true"
14-->src/main/AndroidManifest.xml:8:3-30
15        android:xlargeScreens="true" />
15-->src/main/AndroidManifest.xml:11:3-31
16
17    <uses-permission android:name="android.permission.READ_EXTERNAL_STORAGE" />
17-->src/main/AndroidManifest.xml:13:2-76
17-->src/main/AndroidManifest.xml:13:19-74
18    <uses-permission android:name="android.permission.WRITE_EXTERNAL_STORAGE" />
18-->src/main/AndroidManifest.xml:14:2-77
18-->src/main/AndroidManifest.xml:14:19-75
19    <uses-permission android:name="android.permission.INTERNET" />
19-->src/main/AndroidManifest.xml:15:2-63
19-->src/main/AndroidManifest.xml:15:19-61
20    <uses-permission android:name="android.permission.BLUETOOTH" />
20-->[:nativescript_hprt:] AndroidManifest.xml:9:5-68
20-->[:nativescript_hprt:] AndroidManifest.xml:9:22-65
21    <uses-permission android:name="android.permission.BLUETOOTH_ADMIN" />
21-->[:nativescript_hprt:] AndroidManifest.xml:10:5-74
21-->[:nativescript_hprt:] AndroidManifest.xml:10:22-71
22    <uses-permission android:name="android.permission.ACCESS_COARSE_LOCATION" />
22-->[:nativescript_hprt:] AndroidManifest.xml:11:5-81
22-->[:nativescript_hprt:] AndroidManifest.xml:11:22-78
23
24    <application
24-->src/main/AndroidManifest.xml:17:2-38:16
25        android:name="com.tns.NativeScriptApplication"
25-->src/main/AndroidManifest.xml:18:3-49
26        android:allowBackup="true"
26-->src/main/AndroidManifest.xml:19:3-29
27        android:appComponentFactory="androidx.core.app.CoreComponentFactory"
27-->[androidx.core:core:1.1.0] AndroidManifest.xml:24:18-86
28        android:debuggable="true"
29        android:icon="@drawable/logo"
29-->src/main/AndroidManifest.xml:20:3-32
30        android:label="@string/app_name"
30-->src/main/AndroidManifest.xml:21:3-35
31        android:theme="@style/AppTheme" >
31-->src/main/AndroidManifest.xml:22:3-34
32        <activity
32-->src/main/AndroidManifest.xml:24:3-36:14
33            android:name="com.tns.NativeScriptActivity"
33-->src/main/AndroidManifest.xml:25:4-47
34            android:configChanges="keyboard|keyboardHidden|orientation|screenSize|smallestScreenSize|screenLayout|locale|uiMode"
34-->src/main/AndroidManifest.xml:27:4-120
35            android:label="@string/title_activity_kimera"
35-->src/main/AndroidManifest.xml:26:4-49
36            android:theme="@style/LaunchScreenTheme" >
36-->src/main/AndroidManifest.xml:28:4-44
37            <meta-data
37-->src/main/AndroidManifest.xml:30:4-87
38                android:name="SET_THEME_ON_LAUNCH"
38-->src/main/AndroidManifest.xml:30:15-49
39                android:resource="@style/AppTheme" />
39-->src/main/AndroidManifest.xml:30:50-84
40
41            <intent-filter>
41-->src/main/AndroidManifest.xml:32:4-35:20
42                <action android:name="android.intent.action.MAIN" />
42-->src/main/AndroidManifest.xml:33:5-57
42-->src/main/AndroidManifest.xml:33:13-54
43
44                <category android:name="android.intent.category.LAUNCHER" />
44-->src/main/AndroidManifest.xml:34:5-65
44-->src/main/AndroidManifest.xml:34:15-62
45            </intent-filter>
46        </activity>
47        <activity android:name="com.tns.ErrorReportActivity" />
47-->src/main/AndroidManifest.xml:37:3-57
47-->src/main/AndroidManifest.xml:37:13-55
48    </application>
49
50</manifest>